2025-04-02 16:33:18,942 INFO: GSP Finance Backend Startup [in C:\Users\desktop\Desktop\gspFinance\gspfinanceback\app.py:36]
2025-04-02 16:33:26,217 ERROR: Exception on /students/67ed61c56f1e2a63a3f8c91c/delete [PUT] [in C:\Users\desktop\AppData\Local\Programs\Python\Python312\Lib\site-packages\flask\app.py:825]
Traceback (most recent call last):
  File "C:\Users\desktop\AppData\Local\Programs\Python\Python312\Lib\site-packages\flask\app.py", line 1455, in wsgi_app
    response = self.full_dispatch_request()
               ^^^^^^^^^^^^^^^^^^^^^^^^^^^^
  File "C:\Users\desktop\AppData\Local\Programs\Python\Python312\Lib\site-packages\flask\app.py", line 869, in full_dispatch_request
    rv = self.handle_user_exception(e)
         ^^^^^^^^^^^^^^^^^^^^^^^^^^^^^
  File "C:\Users\desktop\AppData\Local\Programs\Python\Python312\Lib\site-packages\flask_cors\extension.py", line 194, in wrapped_function
    return cors_after_request(app.make_response(f(*args, **kwargs)))
                                                ^^^^^^^^^^^^^^^^^^
  File "C:\Users\desktop\AppData\Local\Programs\Python\Python312\Lib\site-packages\flask\app.py", line 867, in full_dispatch_request
    rv = self.dispatch_request()
         ^^^^^^^^^^^^^^^^^^^^^^^
  File "C:\Users\desktop\AppData\Local\Programs\Python\Python312\Lib\site-packages\flask\app.py", line 852, in dispatch_request
    return self.ensure_sync(self.view_functions[rule.endpoint])(**view_args)
           ^^^^^^^^^^^^^^^^^^^^^^^^^^^^^^^^^^^^^^^^^^^^^^^^^^^^^^^^^^^^^^^^^
  File "C:\Users\desktop\Desktop\gspFinance\gspfinanceback\routes\students.py", line 213, in flag_student_left
    student.save()
  File "C:\Users\desktop\AppData\Local\Programs\Python\Python312\Lib\site-packages\mongoengine\document.py", line 422, in save
    self.validate(clean=clean)
  File "C:\Users\desktop\AppData\Local\Programs\Python\Python312\Lib\site-packages\mongoengine\base\document.py", line 440, in validate
    raise ValidationError(message, errors=errors)
mongoengine.errors.ValidationError: ValidationError (Student:67ed61c56f1e2a63a3f8c91c) (agreed_payments.Invalid embedded document instance provided to an EmbeddedDocumentField: ['payments'])
2025-04-02 16:35:04,536 INFO: GSP Finance Backend Startup [in C:\Users\desktop\Desktop\gspFinance\gspfinanceback\app.py:36]
2025-04-02 16:41:19,299 INFO: GSP Finance Backend Startup [in C:\Users\desktop\Desktop\gspFinance\gspfinanceback\app.py:36]
2025-04-02 17:01:45,716 INFO: GSP Finance Backend Startup [in C:\Users\desktop\Desktop\gspFinance\gspfinanceback\app.py:36]
2025-04-03 03:47:39,406 INFO: GSP Finance Backend Startup [in C:\Users\desktop\Desktop\gspFinance\gspfinanceback\app.py:36]
